nohup: ignoring input
INFO: Reading /scratch/leuven/317/vsc31786/output/SMAP_EASEv2_M09_SMOSfw_DA/output/SMAP_EASEv2_M09/rc_out/SMAP_EASEv2_M09_SMOSfw_DA.ldas_tilecoord.bin ...
INFO: Reading /scratch/leuven/317/vsc31786/output/SMAP_EASEv2_M09_SMOSfw_DA/output/SMAP_EASEv2_M09/rc_out/SMAP_EASEv2_M09_SMOSfw_DA.ldas_tilegrids.bin ...
INFO: Reading /scratch/leuven/317/vsc31786/output/SMAP_EASEv2_M09_SMOSfw_DA/output/SMAP_EASEv2_M09/rc_out/SMAP_EASEv2_M09_SMOSfw_DA.ldas_tilecoord.bin ...
INFO: Reading /scratch/leuven/317/vsc31786/output/SMAP_EASEv2_M09_SMOSfw_DA/output/SMAP_EASEv2_M09/rc_out/SMAP_EASEv2_M09_SMOSfw_DA.ldas_tilegrids.bin ...
INFO: Reading /scratch/leuven/317/vsc31786/output/SMAP_EASEv2_M09_SMOSfw_DA/output/SMAP_EASEv2_M09/rc_out/SMAP_EASEv2_M09_SMOSfw_DA.ldas_tilecoord.bin ...
INFO: Reading /scratch/leuven/317/vsc31786/output/SMAP_EASEv2_M09_SMOSfw_DA/output/SMAP_EASEv2_M09/rc_out/SMAP_EASEv2_M09_SMOSfw_DA.ldas_tilegrids.bin ...
INFO: species 0
/data/leuven/317/vsc31786/miniconda/envs/py3/lib/python3.7/site-packages/xarray/core/nanops.py:159: RuntimeWarning: Mean of empty slice
  return np.nanmean(a, axis=axis, dtype=dtype)
/data/leuven/317/vsc31786/miniconda/envs/py3/lib/python3.7/site-packages/xarray/core/nputils.py:220: RuntimeWarning: Degrees of freedom <= 0 for slice.
  result = getattr(npmodule, name)(values, axis=axis, **kwds)
/data/leuven/317/vsc31786/miniconda/envs/py3/lib/python3.7/site-packages/xarray/core/nanops.py:159: RuntimeWarning: Mean of empty slice
  return np.nanmean(a, axis=axis, dtype=dtype)
/data/leuven/317/vsc31786/miniconda/envs/py3/lib/python3.7/site-packages/xarray/core/nputils.py:220: RuntimeWarning: Degrees of freedom <= 0 for slice.
  result = getattr(npmodule, name)(values, axis=axis, **kwds)
/data/leuven/317/vsc31786/miniconda/envs/py3/lib/python3.7/site-packages/xarray/core/nanops.py:159: RuntimeWarning: Mean of empty slice
  return np.nanmean(a, axis=axis, dtype=dtype)
INFO: species 1
/data/leuven/317/vsc31786/miniconda/envs/py3/lib/python3.7/site-packages/xarray/core/nanops.py:159: RuntimeWarning: Mean of empty slice
  return np.nanmean(a, axis=axis, dtype=dtype)
/data/leuven/317/vsc31786/miniconda/envs/py3/lib/python3.7/site-packages/xarray/core/nputils.py:220: RuntimeWarning: Degrees of freedom <= 0 for slice.
  result = getattr(npmodule, name)(values, axis=axis, **kwds)
/data/leuven/317/vsc31786/miniconda/envs/py3/lib/python3.7/site-packages/xarray/core/nanops.py:159: RuntimeWarning: Mean of empty slice
  return np.nanmean(a, axis=axis, dtype=dtype)
/data/leuven/317/vsc31786/miniconda/envs/py3/lib/python3.7/site-packages/xarray/core/nputils.py:220: RuntimeWarning: Degrees of freedom <= 0 for slice.
  result = getattr(npmodule, name)(values, axis=axis, **kwds)
/data/leuven/317/vsc31786/miniconda/envs/py3/lib/python3.7/site-packages/xarray/core/nanops.py:159: RuntimeWarning: Mean of empty slice
  return np.nanmean(a, axis=axis, dtype=dtype)
INFO: species 2
/data/leuven/317/vsc31786/miniconda/envs/py3/lib/python3.7/site-packages/xarray/core/nanops.py:159: RuntimeWarning: Mean of empty slice
  return np.nanmean(a, axis=axis, dtype=dtype)
/data/leuven/317/vsc31786/miniconda/envs/py3/lib/python3.7/site-packages/xarray/core/nputils.py:220: RuntimeWarning: Degrees of freedom <= 0 for slice.
  result = getattr(npmodule, name)(values, axis=axis, **kwds)
/data/leuven/317/vsc31786/miniconda/envs/py3/lib/python3.7/site-packages/xarray/core/nanops.py:159: RuntimeWarning: Mean of empty slice
  return np.nanmean(a, axis=axis, dtype=dtype)
/data/leuven/317/vsc31786/miniconda/envs/py3/lib/python3.7/site-packages/xarray/core/nputils.py:220: RuntimeWarning: Degrees of freedom <= 0 for slice.
  result = getattr(npmodule, name)(values, axis=axis, **kwds)
/data/leuven/317/vsc31786/miniconda/envs/py3/lib/python3.7/site-packages/xarray/core/nanops.py:159: RuntimeWarning: Mean of empty slice
  return np.nanmean(a, axis=axis, dtype=dtype)
INFO: species 3
/data/leuven/317/vsc31786/miniconda/envs/py3/lib/python3.7/site-packages/xarray/core/nanops.py:159: RuntimeWarning: Mean of empty slice
  return np.nanmean(a, axis=axis, dtype=dtype)
/data/leuven/317/vsc31786/miniconda/envs/py3/lib/python3.7/site-packages/xarray/core/nputils.py:220: RuntimeWarning: Degrees of freedom <= 0 for slice.
  result = getattr(npmodule, name)(values, axis=axis, **kwds)
/data/leuven/317/vsc31786/miniconda/envs/py3/lib/python3.7/site-packages/xarray/core/nanops.py:159: RuntimeWarning: Mean of empty slice
  return np.nanmean(a, axis=axis, dtype=dtype)
/data/leuven/317/vsc31786/miniconda/envs/py3/lib/python3.7/site-packages/xarray/core/nputils.py:220: RuntimeWarning: Degrees of freedom <= 0 for slice.
  result = getattr(npmodule, name)(values, axis=axis, **kwds)
/data/leuven/317/vsc31786/miniconda/envs/py3/lib/python3.7/site-packages/xarray/core/nanops.py:159: RuntimeWarning: Mean of empty slice
  return np.nanmean(a, axis=axis, dtype=dtype)
/scratch/leuven/317/vsc31786/output/SMAP_EASEv2_M09_SMOSfw_DA/output/SMAP_EASEv2_M09/rc_out
/scratch/leuven/317/vsc31786/output/SMAP_EASEv2_M09_SMOSfw_DA/output/SMAP_EASEv2_M09/rc_out
/scratch/leuven/317/vsc31786/output/SMAP_EASEv2_M09_SMOSfw_DA/output/SMAP_EASEv2_M09/rc_out
